[14:34:26] [main/INFO]: Environment: authHost='https://authserver.mojang.com', accountsHost='https://api.mojang.com', sessionHost='https://sessionserver.mojang.com', servicesHost='https://api.minecraftservices.com', name='PROD'
[14:34:26] [main/WARN]: Ambiguity between arguments [teleport, location] and [teleport, destination] with inputs: [0.1 -0.5 .9, 0 0 0]
[14:34:26] [main/WARN]: Ambiguity between arguments [teleport, location] and [teleport, targets] with inputs: [0.1 -0.5 .9, 0 0 0]
[14:34:26] [main/WARN]: Ambiguity between arguments [teleport, destination] and [teleport, targets] with inputs: [Player, 0123, @e, dd12be42-52a9-4a91-a8a1-11c01849e498]
[14:34:26] [main/WARN]: Ambiguity between arguments [teleport, targets] and [teleport, destination] with inputs: [Player, 0123, dd12be42-52a9-4a91-a8a1-11c01849e498]
[14:34:26] [main/WARN]: Ambiguity between arguments [teleport, targets, location] and [teleport, targets, destination] with inputs: [0.1 -0.5 .9, 0 0 0]
[14:34:26] [main/INFO]: Reloading ResourceManager: Default
[14:34:27] [Worker-Main-12/INFO]: Loaded 7 recipes
[14:34:29] [Worker-Main-12/INFO]: Loaded 1137 advancements
[14:34:36] [Server thread/INFO]: Starting minecraft server version 1.17.1
[14:34:36] [Server thread/INFO]: Loading properties
[14:34:36] [Server thread/INFO]: Default game type: SURVIVAL
[14:34:36] [Server thread/INFO]: Generating keypair
[14:34:37] [Server thread/INFO]: Starting Minecraft server on *:25565
[14:34:37] [Server thread/INFO]: Using default channel type
[14:34:42] [Server thread/INFO]: Preparing level "world"
[14:34:42] [Server thread/INFO]: Preparing start region for dimension minecraft:overworld
[14:34:43] [Worker-Main-12/INFO]: Preparing spawn area: 0%
[14:34:43] [Worker-Main-12/INFO]: Preparing spawn area: 0%
[14:34:43] [Worker-Main-13/INFO]: Preparing spawn area: 0%
[14:34:43] [Worker-Main-11/INFO]: Preparing spawn area: 0%
[14:34:44] [Worker-Main-13/INFO]: Preparing spawn area: 0%
[14:34:44] [Worker-Main-13/INFO]: Preparing spawn area: 0%
[14:34:45] [Worker-Main-8/INFO]: Preparing spawn area: 4%
[14:34:45] [Worker-Main-8/INFO]: Preparing spawn area: 4%
[14:34:46] [Worker-Main-12/INFO]: Preparing spawn area: 6%
[14:34:46] [Worker-Main-9/INFO]: Preparing spawn area: 11%
[14:34:47] [Worker-Main-14/INFO]: Preparing spawn area: 32%
[14:34:47] [Worker-Main-14/INFO]: Preparing spawn area: 55%
[14:34:48] [Worker-Main-14/INFO]: Preparing spawn area: 76%
[14:34:48] [Worker-Main-8/INFO]: Preparing spawn area: 93%
[14:34:52] [Server thread/INFO]: Time elapsed: 9614 ms
[14:34:52] [Server thread/INFO]: Done (9.743s)! For help, type "help"
[14:34:57] [Server thread/WARN]: Can't keep up! Is the server overloaded? Running 2003ms or 40 ticks behind
[14:36:03] [User Authenticator #1/INFO]: UUID of player Kaiway_Robbery is bb74024f-7f66-48ff-8d63-6396f1f7c61c
[14:36:04] [Server thread/INFO]: Kaiway_Robbery[/192.168.1.3:52693] logged in with entity id 232 at (1.5040335703344183, 63.0, -241.77667874869513)
[14:36:04] [Server thread/INFO]: Kaiway_Robbery joined the game
[18:52:16] [User Authenticator #2/INFO]: UUID of player EeveeToxic is b7e3c3e2-7852-48b4-a761-3f3f564f6b36
[18:52:16] [Server thread/INFO]: EeveeToxic[/76.93.20.7:60223] logged in with entity id 30354 at (3.300000011920929, 69.5, -246.1685959421997)
[18:52:16] [Server thread/INFO]: EeveeToxic joined the game
[19:11:08] [Server thread/INFO]: Named entity bir['zomboo'/32662, l='ServerLevel[world]', x=16.48, y=83.00, z=-235.06] died: zomboo burned to death
[19:48:21] [Server thread/INFO]: /advancement (grant|revoke)
[19:48:21] [Server thread/INFO]: /attribute <target> <attribute> (get|base|modifier)
[19:48:21] [Server thread/INFO]: /execute (run|if|unless|as|at|store|positioned|rotated|facing|align|anchored|in)
[19:48:21] [Server thread/INFO]: /bossbar (add|remove|list|set|get)
[19:48:21] [Server thread/INFO]: /clear [<targets>]
[19:48:21] [Server thread/INFO]: /clone <begin> <end> <destination> [replace|masked|filtered]
[19:48:21] [Server thread/INFO]: /data (merge|get|remove|modify)
[19:48:21] [Server thread/INFO]: /datapack (enable|disable|list)
[19:48:21] [Server thread/INFO]: /debug (start|stop|function)
[19:48:21] [Server thread/INFO]: /defaultgamemode (survival|creative|adventure|spectator)
[19:48:21] [Server thread/INFO]: /difficulty [peaceful|easy|normal|hard]
[19:48:21] [Server thread/INFO]: /effect (clear|give)
[19:48:21] [Server thread/INFO]: /me <action>
[19:48:21] [Server thread/INFO]: /enchant <targets> <enchantment> [<level>]
[19:48:21] [Server thread/INFO]: /experience (add|set|query)
[19:48:21] [Server thread/INFO]: /xp -> experience
[19:48:21] [Server thread/INFO]: /fill <from> <to> <block> [replace|keep|outline|hollow|destroy]
[19:48:21] [Server thread/INFO]: /forceload (add|remove|query)
[19:48:21] [Server thread/INFO]: /function <name>
[19:48:21] [Server thread/INFO]: /gamemode (survival|creative|adventure|spectator)
[19:48:21] [Server thread/INFO]: /gamerule (announceAdvancements|commandBlockOutput|disableElytraMovementCheck|disableRaids|doDaylightCycle|doEntityDrops|doFireTick|doImmediateRespawn|doInsomnia|doLimitedCrafting|doMobLoot|doMobSpawning|doPatrolSpawning|doTileDrops|doTraderSpawning|doWeatherCycle|drowningDamage|fallDamage|fireDamage|forgiveDeadPlayers|freezeDamage|keepInventory|logAdminCommands|maxCommandChainLength|maxEntityCramming|mobGriefing|naturalRegeneration|playersSleepingPercentage|randomTickSpeed|reducedDebugInfo|sendCommandFeedback|showDeathMessages|spawnRadius|spectatorsGenerateChunks|universalAnger)
[19:48:21] [Server thread/INFO]: /give <targets> <item> [<count>]
[19:48:21] [Server thread/INFO]: /help [<command>]
[19:48:21] [Server thread/INFO]: /item (replace|modify)
[19:48:21] [Server thread/INFO]: /kick <targets> [<reason>]
[19:48:21] [Server thread/INFO]: /kill [<targets>]
[19:48:21] [Server thread/INFO]: /list [uuids]
[19:48:21] [Server thread/INFO]: /locate (pillager_outpost|mineshaft|mansion|jungle_pyramid|desert_pyramid|igloo|ruined_portal|shipwreck|swamp_hut|stronghold|monument|ocean_ruin|fortress|endcity|buried_treasure|village|nether_fossil|bastion_remnant)
[19:48:21] [Server thread/INFO]: /locatebiome <biome>
[19:48:21] [Server thread/INFO]: /loot (replace|insert|give|spawn)
[19:48:21] [Server thread/INFO]: /msg <targets> <message>
[19:48:21] [Server thread/INFO]: /tell -> msg
[19:48:21] [Server thread/INFO]: /w -> msg
[19:48:21] [Server thread/INFO]: /particle <name> [<pos>]
[19:48:21] [Server thread/INFO]: /playsound <sound> (master|music|record|weather|block|hostile|neutral|player|ambient|voice)
[19:48:21] [Server thread/INFO]: /reload
[19:48:21] [Server thread/INFO]: /recipe (give|take)
[19:48:21] [Server thread/INFO]: /say <message>
[19:48:21] [Server thread/INFO]: /schedule (function|clear)
[19:48:21] [Server thread/INFO]: /scoreboard (objectives|players)
[19:48:21] [Server thread/INFO]: /seed
[19:48:21] [Server thread/INFO]: /setblock <pos> <block> [destroy|keep|replace]
[19:48:21] [Server thread/INFO]: /spawnpoint [<targets>]
[19:48:21] [Server thread/INFO]: /setworldspawn [<pos>]
[19:48:21] [Server thread/INFO]: /spectate [<target>]
[19:48:21] [Server thread/INFO]: /spreadplayers <center> <spreadDistance> <maxRange> (<respectTeams>|under)
[19:48:21] [Server thread/INFO]: /stopsound <targets> [*|master|music|record|weather|block|hostile|neutral|player|ambient|voice]
[19:48:21] [Server thread/INFO]: /summon <entity> [<pos>]
[19:48:21] [Server thread/INFO]: /tag <targets> (add|remove|list)
[19:48:21] [Server thread/INFO]: /team (list|add|remove|empty|join|leave|modify)
[19:48:21] [Server thread/INFO]: /teammsg <message>
[19:48:21] [Server thread/INFO]: /tm -> teammsg
[19:48:21] [Server thread/INFO]: /teleport (<location>|<destination>|<targets>)
[19:48:21] [Server thread/INFO]: /tp -> teleport
[19:48:21] [Server thread/INFO]: /tellraw <targets> <message>
[19:48:21] [Server thread/INFO]: /time (set|add|query)
[19:48:21] [Server thread/INFO]: /title <targets> (clear|reset|title|subtitle|actionbar|times)
[19:48:21] [Server thread/INFO]: /trigger <objective> [add|set]
[19:48:21] [Server thread/INFO]: /weather (clear|rain|thunder)
[19:48:21] [Server thread/INFO]: /worldborder (add|set|center|damage|get|warning)
[19:48:21] [Server thread/INFO]: /ban-ip <target> [<reason>]
[19:48:21] [Server thread/INFO]: /banlist [ips|players]
[19:48:21] [Server thread/INFO]: /ban <targets> [<reason>]
[19:48:21] [Server thread/INFO]: /deop <targets>
[19:48:21] [Server thread/INFO]: /op <targets>
[19:48:21] [Server thread/INFO]: /pardon <targets>
[19:48:21] [Server thread/INFO]: /pardon-ip <target>
[19:48:21] [Server thread/INFO]: /perf (start|stop)
[19:48:21] [Server thread/INFO]: /save-all [flush]
[19:48:21] [Server thread/INFO]: /save-off
[19:48:21] [Server thread/INFO]: /save-on
[19:48:21] [Server thread/INFO]: /setidletimeout <minutes>
[19:48:21] [Server thread/INFO]: /stop
[19:48:21] [Server thread/INFO]: /whitelist (on|off|list|add|remove|reload)
[19:49:01] [Server thread/WARN]: Mismatch in destroy block pos: gg{x=15, y=68, z=-243} gg{x=13, y=67, z=-243}
[19:56:11] [Server thread/INFO]: EeveeToxic lost connection: Disconnected
[19:56:11] [Server thread/INFO]: EeveeToxic left the game
[20:02:44] [Server thread/INFO]: Kaiway_Robbery lost connection: Disconnected
[20:02:44] [Server thread/INFO]: Kaiway_Robbery left the game
[20:02:51] [Server thread/INFO]: Stopping server
[20:02:51] [Server thread/INFO]: Saving players
[20:02:51] [Server thread/INFO]: Saving worlds
[20:02:51] [Server thread/INFO]: Saving chunks for level 'ServerLevel[world]'/minecraft:overworld
[20:02:51] [Server thread/INFO]: Saving chunks for level 'ServerLevel[world]'/minecraft:the_nether
[20:02:51] [Server thread/INFO]: Saving chunks for level 'ServerLevel[world]'/minecraft:the_end
[20:02:51] [Server thread/INFO]: ThreadedAnvilChunkStorage (world): All chunks are saved
[20:02:51] [Server thread/INFO]: ThreadedAnvilChunkStorage (DIM-1): All chunks are saved
[20:02:51] [Server thread/INFO]: ThreadedAnvilChunkStorage (DIM1): All chunks are saved
[20:02:51] [Server thread/INFO]: ThreadedAnvilChunkStorage: All dimensions are saved
